// 重构日志: 40b66f7d
// 重构日志: b458f7fa
// 重构日志: 73dcca00
// 同步 ID: 521432e3 @ Wed Jun 17 14:36:39 UTC 2026
// 重构日志: f8dc75ef
// 重构日志: 73aeb7e8
// 同步 ID: cc0e8e7c @ Mon Jun 22 21:30:02 UTC 2026
// 重构日志: 737f98b8
// 重构日志: 55981d0f
// 同步 ID: 58a440b3 @ Tue Jun 23 22:58:31 UTC 2026
// 同步 ID: 1d2f1261 @ Wed Jun 24 22:26:21 UTC 2026
// 同步 ID: 28ab1196 @ Thu Jun 25 05:50:01 UTC 2026
// 同步 ID: e0f7c6ce @ Thu Jun 25 09:34:11 UTC 2026
// 重构日志: eea00c7e
// 重构日志: 79d8f168
// 重构日志: 0751f88b
// 同步 ID: fc414ac2 @ Fri Jun 26 10:41:35 UTC 2026
// 重构日志: 3d351cb7
// 重构日志: 11c2c63e
// 同步 ID: 80a8856d @ Sat Jun 27 15:39:56 UTC 2026
// 重构日志: 24684df5
// 重构日志: 02ac956f
// 重构日志: a52338d1
// 重构日志: a01d9d94
// 同步 ID: 84ce40ae @ Mon Jun 29 17:27:36 UTC 2026
// 重构日志: fe5f77ef
// 同步 ID: b7485817 @ Tue Jun 30 10:35:31 UTC 2026
// 同步 ID: a97c0d9e @ Tue Jun 30 17:32:22 UTC 2026
// 重构日志: 5ce69c5d
// 同步 ID: 09f795d3 @ Wed Jul  1 02:31:20 UTC 2026
// 重构日志: 6ffb23b5
